d:\asteroids\asteroids\debug\vc120.pdb
d:\asteroids\asteroids\debug\vc120.idb
d:\asteroids\asteroids\debug\background.obj
d:\asteroids\asteroids\debug\component.obj
d:\asteroids\asteroids\debug\debug.obj
d:\asteroids\asteroids\debug\game.obj
d:\asteroids\asteroids\debug\gameobject.obj
d:\asteroids\asteroids\debug\random.obj
d:\asteroids\asteroids\debug\bigstar.obj
d:\asteroids\asteroids\debug\textureloader.obj
d:\asteroids\asteroids\debug\main.obj
d:\asteroids\asteroids\debug\screen.obj
d:\asteroids\asteroids\debug\spaceship.obj
d:\asteroids\asteroids\debug\tgaloader.obj
d:\asteroids\asteroids\debug\vector2.obj
d:\asteroids\asteroids\debug\mediumstar.obj
d:\asteroids\asteroids\debug\smallstar.obj
d:\asteroids\asteroids\debug\asteroids.ilk
d:\asteroids\asteroids\debug\asteroids.exe
d:\asteroids\asteroids\debug\asteroids.pdb
d:\asteroids\asteroids\debug\asteroids.tlog\cl.command.1.tlog
d:\asteroids\asteroids\debug\asteroids.tlog\cl.read.1.tlog
d:\asteroids\asteroids\debug\asteroids.tlog\cl.write.1.tlog
d:\asteroids\asteroids\debug\asteroids.tlog\link.command.1.tlog
d:\asteroids\asteroids\debug\asteroids.tlog\link.read.1.tlog
d:\asteroids\asteroids\debug\asteroids.tlog\link.write.1.tlog
